e:\git hub\master-design\emwin simulator\output\debug\vc141.pdb
e:\git hub\master-design\emwin simulator\output\debug\vc141.idb
e:\git hub\master-design\emwin simulator\output\debug\guidemo_start.obj
e:\git hub\master-design\emwin simulator\output\debug\guidemo_speedometer.obj
e:\git hub\master-design\emwin simulator\output\debug\guidemo_speed.obj
e:\git hub\master-design\emwin simulator\output\debug\guidemo_skinning.obj
e:\git hub\master-design\emwin simulator\output\debug\guidemo_resource.obj
e:\git hub\master-design\emwin simulator\output\debug\guidemo_radialmenu.obj
e:\git hub\master-design\emwin simulator\output\debug\guidemo_listview.obj
e:\git hub\master-design\emwin simulator\output\debug\guidemo_intro.obj
e:\git hub\master-design\emwin simulator\output\debug\guidemo_imageflow.obj
e:\git hub\master-design\emwin simulator\output\debug\guidemo_iconview.obj
e:\git hub\master-design\emwin simulator\output\debug\guidemo_graph.obj
e:\git hub\master-design\emwin simulator\output\debug\guidemo_fading.obj
e:\git hub\master-design\emwin simulator\output\debug\guidemo_cursor.obj
e:\git hub\master-design\emwin simulator\output\debug\guidemo_conf.obj
e:\git hub\master-design\emwin simulator\output\debug\guidemo_colorbar.obj
e:\git hub\master-design\emwin simulator\output\debug\guidemo_bitmap.obj
e:\git hub\master-design\emwin simulator\output\debug\guidemo_bargraph.obj
e:\git hub\master-design\emwin simulator\output\debug\guidemo_automotive.obj
e:\git hub\master-design\emwin simulator\output\debug\guidemo_antialiasedtext.obj
e:\git hub\master-design\emwin simulator\output\debug\guidemo.obj
e:\git hub\master-design\emwin simulator\output\debug\winmain.obj
e:\git hub\master-design\emwin simulator\output\debug\simconf.obj
e:\git hub\master-design\emwin simulator\output\debug\lcdconf.obj
e:\git hub\master-design\emwin simulator\output\debug\guiconf.obj
e:\git hub\master-design\emwin simulator\output\debug\guidemo_zoomandrotate.obj
e:\git hub\master-design\emwin simulator\output\debug\guidemo_washingmachine.obj
e:\git hub\master-design\emwin simulator\output\debug\guidemo_vscreen.obj
e:\git hub\master-design\emwin simulator\output\debug\guidemo_treeview.obj
e:\git hub\master-design\emwin simulator\output\debug\guidemo_transparentdialog.obj
e:\git hub\master-design\emwin simulator\output\debug\2dgl_bmpexport.obj
e:\git hub\master-design\emwin simulator\output\debug\2dgl_drawbmp.obj
e:\git hub\master-design\emwin simulator\output\debug\basic_hello1.obj
e:\git hub\master-design\emwin simulator\exe\guisimulationdebug.ilk
e:\git hub\master-design\emwin simulator\exe\guisimulationdebug.exe
e:\git hub\master-design\emwin simulator\output\debug\simulationtrial.pdb
e:\git hub\master-design\emwin simulator\output\debug\simulationtrial.tlog\cl.command.1.tlog
e:\git hub\master-design\emwin simulator\output\debug\simulationtrial.tlog\cl.read.1.tlog
e:\git hub\master-design\emwin simulator\output\debug\simulationtrial.tlog\cl.write.1.tlog
e:\git hub\master-design\emwin simulator\output\debug\simulationtrial.tlog\link-cvtres.read.1.tlog
e:\git hub\master-design\emwin simulator\output\debug\simulationtrial.tlog\link-cvtres.write.1.tlog
e:\git hub\master-design\emwin simulator\output\debug\simulationtrial.tlog\link-rc.read.1.tlog
e:\git hub\master-design\emwin simulator\output\debug\simulationtrial.tlog\link-rc.write.1.tlog
e:\git hub\master-design\emwin simulator\output\debug\simulationtrial.tlog\link.3712-cvtres.read.1.tlog
e:\git hub\master-design\emwin simulator\output\debug\simulationtrial.tlog\link.3712-cvtres.write.1.tlog
e:\git hub\master-design\emwin simulator\output\debug\simulationtrial.tlog\link.3712-rc.read.1.tlog
e:\git hub\master-design\emwin simulator\output\debug\simulationtrial.tlog\link.3712-rc.write.1.tlog
e:\git hub\master-design\emwin simulator\output\debug\simulationtrial.tlog\link.3712.read.1.tlog
e:\git hub\master-design\emwin simulator\output\debug\simulationtrial.tlog\link.3712.write.1.tlog
e:\git hub\master-design\emwin simulator\output\debug\simulationtrial.tlog\link.command.1.tlog
e:\git hub\master-design\emwin simulator\output\debug\simulationtrial.tlog\link.read.1.tlog
e:\git hub\master-design\emwin simulator\output\debug\simulationtrial.tlog\link.write.1.tlog
